0 info it worked if it ends with ok
1 verbose cli [ '/usr/bin/node', '/usr/bin/npm', 'publish' ]
2 info using npm@1.4.28
3 info using node@v0.10.37
4 verbose node symlink /usr/bin/node
5 verbose publish [ '.' ]
6 verbose cache add [ '.', null ]
7 verbose cache add name=undefined spec="." args=[".",null]
8 verbose parsed url { protocol: null,
8 verbose parsed url   slashes: null,
8 verbose parsed url   auth: null,
8 verbose parsed url   host: null,
8 verbose parsed url   port: null,
8 verbose parsed url   hostname: null,
8 verbose parsed url   hash: null,
8 verbose parsed url   search: null,
8 verbose parsed url   query: null,
8 verbose parsed url   pathname: '.',
8 verbose parsed url   path: '.',
8 verbose parsed url   href: '.' }
9 silly lockFile 3a52ce78- .
10 verbose lock . /home/deagle/.npm/3a52ce78-.lock
11 verbose tar pack [ '/home/deagle/.npm/mNotes/1.0.0/package.tgz', '.' ]
12 verbose tarball /home/deagle/.npm/mNotes/1.0.0/package.tgz
13 verbose folder .
14 info prepublish mNotes@1.0.0
15 silly lockFile 1f1177db-tar tar://.
16 verbose lock tar://. /home/deagle/.npm/1f1177db-tar.lock
17 silly lockFile cc481875-gle-npm-mNotes-1-0-0-package-tgz tar:///home/deagle/.npm/mNotes/1.0.0/package.tgz
18 verbose lock tar:///home/deagle/.npm/mNotes/1.0.0/package.tgz /home/deagle/.npm/cc481875-gle-npm-mNotes-1-0-0-package-tgz.lock
19 silly lockFile 1f1177db-tar tar://.
20 silly lockFile 1f1177db-tar tar://.
21 silly lockFile cc481875-gle-npm-mNotes-1-0-0-package-tgz tar:///home/deagle/.npm/mNotes/1.0.0/package.tgz
22 silly lockFile cc481875-gle-npm-mNotes-1-0-0-package-tgz tar:///home/deagle/.npm/mNotes/1.0.0/package.tgz
23 silly lockFile 5672a1b7--deagle-npm-mNotes-1-0-0-package /home/deagle/.npm/mNotes/1.0.0/package
24 verbose lock /home/deagle/.npm/mNotes/1.0.0/package /home/deagle/.npm/5672a1b7--deagle-npm-mNotes-1-0-0-package.lock
25 silly lockFile 5672a1b7--deagle-npm-mNotes-1-0-0-package /home/deagle/.npm/mNotes/1.0.0/package
26 silly lockFile 5672a1b7--deagle-npm-mNotes-1-0-0-package /home/deagle/.npm/mNotes/1.0.0/package
27 silly lockFile 3a52ce78- .
28 silly lockFile 3a52ce78- .
29 silly publish { name: 'mNotes',
29 silly publish   version: '1.0.0',
29 silly publish   description: 'mNotes is a minimal isomorphic library. You input a note, mNotes outputs the frequency as a number. Multiple input formats are allowed. Nine octaves, from 0 to 9.',
29 silly publish   main: 'mNotes.js',
29 silly publish   scripts: { test: 'echo "Error: no test specified" && exit 1' },
29 silly publish   keywords:
29 silly publish    [ 'mNotes',
29 silly publish      'notes',
29 silly publish      'frequency',
29 silly publish      'frequencies',
29 silly publish      'music',
29 silly publish      'musical',
29 silly publish      'harmony',
29 silly publish      'octaves',
29 silly publish      'intonation' ],
29 silly publish   repository: { type: 'git', url: 'git@github.com:simlevesque/mNotes.git' },
29 silly publish   author: { name: 'Simon Lévesque' },
29 silly publish   license: 'GPLv3',
29 silly publish   readme: '# mNotes\n### What is it ?\nmNotes is a minimal isomorphic library. You input a note, mNotes outputs the frequency as a number. Multiple input formats are allowed. Nine octaves, from 0 to 9.\n### How can I use it ?\n#### Client-side\n    mNotes.get(\'D4#\') // returns 311.13\n#### Server-side\nInstall it using NPM : `npm install mnotes`\n\n    var mNotes = require(\'mNotes\');\n    mNotes.get(\'D4#\') // returns 311.13\n#### Input formats\n    mNotes.get(\'D4#\') // It can be one string\n    mNotes.get(\'d\', 4, \'#\') // Or three arguments, capitals are optional\n    mNotes.get(\'4d#\') // The ordering of the two first arguments (note and octave) is your choice\n    mNotes.get(4, \'d\') // If your note has no intonation you can ommit it\n    mNotes.get(\'d4n\') // You can also signify that there is no intonation with \'n\'\n    //Sharps are either \'#\' or \'S\', for flats it\'s \'b\' or \'F\', case-insensitive\n### Why would I use it ?\nI built it to ease the process of music composition on [code-music-studio](https://github.com/substack/code-music-studio "code-music-studio"). Use it as you wish (while respecting the license).\n### What is the license ?\nGPLv3',
29 silly publish   readmeFilename: 'README.md',
29 silly publish   gitHead: 'b49f042784f91d0757590c3e4a7d1b1eb23a51d5',
29 silly publish   bugs: { url: 'https://github.com/simlevesque/mNotes/issues' },
29 silly publish   homepage: 'https://github.com/simlevesque/mNotes',
29 silly publish   _id: 'mNotes@1.0.0',
29 silly publish   _shasum: '97a5d47a34f5a3ec07d22852f03404f61fa63312',
29 silly publish   _from: '.' }
30 verbose request where is /mNotes
31 verbose request registry https://registry.npmjs.org/
32 verbose request id dcdcaaf6dcf7f781
33 verbose url raw /mNotes
34 verbose url resolving [ 'https://registry.npmjs.org/', './mNotes' ]
35 verbose url resolved https://registry.npmjs.org/mNotes
36 verbose request where is https://registry.npmjs.org/mNotes
37 info trying registry request attempt 1 at 20:12:51
38 http PUT https://registry.npmjs.org/mNotes
39 http 409 https://registry.npmjs.org/mNotes
40 verbose request where is /mNotes?write=true
41 verbose request registry https://registry.npmjs.org/
42 verbose url raw /mNotes?write=true
43 verbose url resolving [ 'https://registry.npmjs.org/', './mNotes?write=true' ]
44 verbose url resolved https://registry.npmjs.org/mNotes?write=true
45 verbose request where is https://registry.npmjs.org/mNotes?write=true
46 info trying registry request attempt 1 at 20:12:52
47 http GET https://registry.npmjs.org/mNotes?write=true
48 http 200 https://registry.npmjs.org/mNotes?write=true
49 error publish fail Cannot publish over existing version.
49 error publish fail Update the 'version' field in package.json and try again.
49 error publish fail
49 error publish fail If the previous version was published in error, see:
49 error publish fail     npm help unpublish
49 error publish fail
49 error publish fail To automatically increment version numbers, see:
49 error publish fail     npm help version
50 error System Linux 3.16.0-28-generic
51 error command "/usr/bin/node" "/usr/bin/npm" "publish"
52 error cwd /home/deagle/Téléchargements/mNotes
53 error node -v v0.10.37
54 error npm -v 1.4.28
55 error code EPUBLISHCONFLICT
56 verbose exit [ 1, true ]
